<?xml version="1.0" encoding="UTF-8"?>
<!-- Generated by org.testng.reporters.JUnitReportReporter -->
<testsuite hostname="DESKTOP-89G8Q2R" failures="0" tests="1" name="Com.Ecommerce.TestCases.facebook_testcases" time="34.073" errors="0" timestamp="2023-07-21T10:21:33 IST" skipped="0">
  <testcase classname="Com.Ecommerce.TestCases.facebook_testcases" name="fblogin" time="34.073"/>
  <system-out/>
</testsuite> <!-- Com.Ecommerce.TestCases.facebook_testcases -->
