<?xml version="1.0" encoding="UTF-8"?>
<!-- Generated by org.testng.reporters.JUnitReportReporter -->
<testsuite hostname="DESKTOP-89G8Q2R" failures="0" tests="1" name="Com.Ecommerce.TestCases.TC_newRegistrationTestCases" time="22.214" errors="0" timestamp="2023-07-19T17:57:03 IST" skipped="0">
  <testcase classname="Com.Ecommerce.TestCases.TC_newRegistrationTestCases" name="Test" time="22.214"/>
</testsuite> <!-- Com.Ecommerce.TestCases.TC_newRegistrationTestCases -->
