<?xml version="1.0" encoding="UTF-8"?>
<!-- Generated by org.testng.reporters.JUnitReportReporter -->
<testsuite hostname="DESKTOP-89G8Q2R" failures="0" tests="3" name="Annotations.annotaton" time="0.072" errors="0" timestamp="2023-07-06T04:40:11 IST" skipped="0">
  <testcase classname="Annotations.annotaton" name="googletitle1" time="0.013"/>
  <testcase classname="Annotations.annotaton" name="googletitle2" time="0.015"/>
  <testcase classname="Annotations.annotaton" name="googleTitle3" time="0.044"/>
</testsuite> <!-- Annotations.annotaton -->
