<?xml version="1.0" encoding="UTF-8"?>
<!-- Generated by org.testng.reporters.JUnitReportReporter -->
<testsuite hostname="DESKTOP-89G8Q2R" failures="0" tests="5" name="TestNG_features.Enabled1" time="1.148" errors="0" timestamp="2023-07-07T11:17:37 IST" skipped="2">
  <testcase classname="TestNG_features.Enabled1" name="B" time="1.137"/>
  <testcase classname="TestNG_features.Enabled1" name="test2" time="0.006"/>
  <testcase classname="TestNG_features.Enabled1" name="test3" time="0.005"/>
  <testcase classname="TestNG_features.Enabled1" name="test1">
    <skipped/>
  </testcase> <!-- test1 -->
  <testcase classname="TestNG_features.Enabled1" name="A">
    <skipped/>
  </testcase> <!-- A -->
</testsuite> <!-- TestNG_features.Enabled1 -->
