<?xml version="1.0" encoding="UTF-8"?>
<!-- Generated by org.testng.reporters.JUnitReportReporter -->
<testsuite hostname="DESKTOP-89G8Q2R" failures="0" tests="1" name="parameterization.sum1" time="0.109" errors="0" timestamp="2023-07-11T05:52:16 IST" skipped="0">
  <testcase classname="parameterization.sum1" name="add" time="0.109"/>
</testsuite> <!-- parameterization.sum1 -->
