<?xml version="1.0" encoding="UTF-8"?>
<!-- Generated by org.testng.reporters.JUnitReportReporter -->
<testsuite hostname="DESKTOP-89G8Q2R" failures="0" tests="2" name="TestNG_features.enabled_xmlfile" time="3.154" errors="0" timestamp="2023-07-07T12:30:43 IST" skipped="0">
  <testcase classname="TestNG_features.enabled_xmlfile" name="test1" time="0.010"/>
  <testcase classname="TestNG_features.enabled_xmlfile" name="B" time="3.144"/>
</testsuite> <!-- TestNG_features.enabled_xmlfile -->
