<?xml version="1.0" encoding="UTF-8"?>
<!-- Generated by org.testng.reporters.JUnitReportReporter -->
<testsuite hostname="DESKTOP-89G8Q2R" failures="0" tests="1" name="Byjus.Byjus_video" time="40.519" errors="0" timestamp="2023-07-18T16:21:58 IST" skipped="0">
  <testcase classname="Byjus.Byjus_video" name="Test" time="40.519"/>
</testsuite> <!-- Byjus.Byjus_video -->
