<?xml version="1.0" encoding="UTF-8"?>
<!-- Generated by org.testng.reporters.JUnitReportReporter -->
<testsuite hostname="DESKTOP-89G8Q2R" failures="0" tests="1" name="Byjus.Byjus_offline_automate" time="87.240" errors="0" timestamp="2023-07-13T17:14:47 IST" skipped="0">
  <testcase classname="Byjus.Byjus_offline_automate" name="Test" time="87.240"/>
</testsuite> <!-- Byjus.Byjus_offline_automate -->
