<?xml version="1.0" encoding="UTF-8"?>
<!-- Generated by org.testng.reporters.JUnitReportReporter -->
<testsuite hostname="DESKTOP-89G8Q2R" failures="0" tests="2" name="TestNG_features.Keyword1" time="34.278" errors="0" timestamp="2023-07-06T05:10:09 IST" skipped="0">
  <testcase classname="TestNG_features.Keyword1" name="B" time="15.044"/>
  <testcase classname="TestNG_features.Keyword1" name="A" time="19.234"/>
</testsuite> <!-- TestNG_features.Keyword1 -->
