<?xml version="1.0" encoding="UTF-8"?>
<!-- Generated by org.testng.reporters.JUnitReportReporter -->
<testsuite hostname="DESKTOP-89G8Q2R" failures="0" tests="1" name="parameterization.sum2" time="0.011" errors="0" timestamp="2023-07-11T05:52:16 IST" skipped="0">
  <testcase classname="parameterization.sum2" name="add" time="0.011"/>
</testsuite> <!-- parameterization.sum2 -->
