<?xml version="1.0" encoding="UTF-8"?>
<!-- Generated by org.testng.reporters.JUnitReportReporter -->
<testsuite hostname="DESKTOP-89G8Q2R" failures="0" tests="2" name="Parallel_testing.demo" time="83.493" errors="0" timestamp="2023-07-08T07:44:13 IST" skipped="0">
  <testcase classname="Parallel_testing.demo" name="setup2" time="39.088"/>
  <testcase classname="Parallel_testing.demo" name="setup1" time="44.405"/>
</testsuite> <!-- Parallel_testing.demo -->
