<?xml version="1.0" encoding="UTF-8"?>
<!-- Generated by org.testng.reporters.JUnitReportReporter -->
<testsuite hostname="DESKTOP-89G8Q2R" failures="0" tests="2" name="TestNG_features.Day2" time="0.041" errors="0" timestamp="2023-07-11T05:34:14 IST" skipped="0">
  <testcase classname="TestNG_features.Day2" name="test2" time="0.015"/>
  <testcase classname="TestNG_features.Day2" name="test3" time="0.026"/>
</testsuite> <!-- TestNG_features.Day2 -->
