<?xml version="1.0" encoding="UTF-8"?>
<!-- Generated by org.testng.reporters.JUnitReportReporter -->
<testsuite hostname="DESKTOP-89G8Q2R" failures="0" tests="1" name="TestNG_features.day1" time="0.062" errors="0" timestamp="2023-07-11T05:34:14 IST" skipped="0">
  <testcase classname="TestNG_features.day1" name="test5" time="0.062"/>
</testsuite> <!-- TestNG_features.day1 -->
