<?xml version="1.0" encoding="UTF-8"?>
<!-- Generated by org.testng.reporters.JUnitReportReporter -->
<testsuite hostname="DESKTOP-89G8Q2R" failures="0" tests="3" name="TestNG_features.Demo" time="50.666" errors="0" timestamp="2023-07-06T05:01:27 IST" skipped="0">
  <testcase classname="TestNG_features.Demo" name="A" time="21.797"/>
  <testcase classname="TestNG_features.Demo" name="c" time="13.476"/>
  <testcase classname="TestNG_features.Demo" name="B" time="15.393"/>
</testsuite> <!-- TestNG_features.Demo -->
