<?xml version="1.0" encoding="UTF-8"?>
<!-- Generated by org.testng.reporters.JUnitReportReporter -->
<testsuite hostname="DESKTOP-89G8Q2R" failures="0" tests="2" name="CrossBrowserTesting.Crossbrowser1" time="129.273" errors="0" timestamp="2023-07-12T22:55:21 IST" skipped="0">
  <testcase classname="CrossBrowserTesting.Crossbrowser1" name="browsername" time="58.640"/>
  <testcase classname="CrossBrowserTesting.Crossbrowser1" name="browsername" time="70.633"/>
</testsuite> <!-- CrossBrowserTesting.Crossbrowser1 -->
