<?xml version="1.0" encoding="UTF-8"?>
<!-- Generated by org.testng.reporters.JUnitReportReporter -->
<testsuite hostname="DESKTOP-89G8Q2R" failures="0" tests="1" name="khan_academy.login" time="45.752" errors="0" timestamp="2023-07-17T16:24:37 IST" skipped="0">
  <testcase classname="khan_academy.login" name="log_in" time="45.752"/>
</testsuite> <!-- khan_academy.login -->
