<?xml version="1.0" encoding="UTF-8"?>
<!-- Generated by org.testng.reporters.JUnitReportReporter -->
<testsuite hostname="DESKTOP-89G8Q2R" failures="0" tests="3" name="selenium.annotaton" time="0.120" errors="0" timestamp="2023-07-17T15:35:46 IST" skipped="0">
  <testcase classname="selenium.annotaton" name="googletitle1" time="0.051"/>
  <testcase classname="selenium.annotaton" name="googletitle2" time="0.026"/>
  <testcase classname="selenium.annotaton" name="googleTitle3" time="0.043"/>
</testsuite> <!-- selenium.annotaton -->
